<?xml version="1.0" encoding="UTF-8"?>
<!-- Generated by org.testng.reporters.JUnitReportReporter -->
<testsuite skipped="0" hostname="DESKTOP-EJTLN2U" name="tech.walkingtree.ofl.Login" tests="3" failures="0" timestamp="17 Aug 2020 11:12:46 GMT" time="42.037" errors="0">
  <testcase name="EMIAmount" time="16.684" classname="tech.walkingtree.ofl.Login"/>
  <testcase name="ODAmount" time="10.180" classname="tech.walkingtree.ofl.Login"/>
  <testcase name="TotalLPIDue" time="15.173" classname="tech.walkingtree.ofl.Login"/>
</testsuite> <!-- tech.walkingtree.ofl.Login -->
