<?xml version="1.0" encoding="UTF-8"?>
<!-- Generated by org.testng.reporters.JUnitReportReporter -->
<testsuite skipped="0" hostname="DESKTOP-EJTLN2U" name="tech.walkingtree.ofl.CompareExcelWeb" tests="3" failures="0" timestamp="17 Aug 2020 14:07:40 GMT" time="31.476" errors="0">
  <testcase name="ODAmount" time="10.381" classname="tech.walkingtree.ofl.CompareExcelWeb"/>
  <testcase name="EMIAmount" time="10.692" classname="tech.walkingtree.ofl.CompareExcelWeb"/>
  <testcase name="TotalLPIDue" time="10.403" classname="tech.walkingtree.ofl.CompareExcelWeb"/>
</testsuite> <!-- tech.walkingtree.ofl.CompareExcelWeb -->
